20221227	13:03:40	ca89bd4a-9a12-4158-84c3-4292f2ccb78f	GET	/	undefined
20221227	13:03:40	b6590c17-1dd0-45a9-82f6-a0a80b469ff9	GET	/css/style.css	undefined
20221227	13:20:09	8d15dc2e-a64d-42aa-9afc-8b4b1a5bb619	GET	/	undefined
20221227	13:20:09	610bde8a-47cb-42fc-84a3-d7f0d4ee38c9	GET	/css/style.css	undefined
20221227	13:22:58	04b04dcb-9128-447e-8d6f-feb916616f4e	GET	/users	undefined
20221227	13:25:57	4e647dcf-5236-4eb0-82b7-b111f73ceae4	POST	/users	undefined
20221227	13:26:03	7ddc3e46-4a67-46d7-a290-b89a0cf98cde	GET	/users	undefined
20221227	13:26:17	af49dcc7-bfca-43a8-a5ec-1d972b145c8e	POST	/users	undefined
20221227	13:26:21	9a43b736-50d1-41e8-a887-6db83aad1214	GET	/users	undefined
20221227	13:26:37	f356604d-5700-4aac-a5b2-c6e8bbba43f1	POST	/users	undefined
20221227	13:26:42	c179ef54-f66d-4866-94ac-181c55422357	GET	/users	undefined
20221227	13:28:51	e6c23918-62b2-4954-bd1b-0c6b128602fb	POST	/users	undefined
20221227	13:28:59	68280cc7-85f0-43dc-b847-fa35a4799e05	POST	/users	undefined
20221227	13:29:04	d977999e-1114-4416-ba77-728fbeeae771	GET	/users	undefined
20221227	13:31:09	fbd5bd6d-50d0-4013-9c63-790744e596f2	PATCH	/users	undefined
20221227	13:33:08	91a0eb54-fdac-476c-bafe-b9804c40ca78	POST	/users	undefined
20221227	13:33:15	35802066-9537-4126-a52c-c52bd145ac2c	GET	/users	undefined
20221227	17:05:33	4d9f6495-3cdc-4563-a668-9e99bf7b54d7	GET	/	undefined
20221227	17:05:33	76e6c503-1d37-403c-8975-b31be9f2ba27	GET	/css/style.css	undefined
20221227	17:05:50	05174151-e4c5-45cf-8a20-cc723d9cd4a5	POST	/	undefined
20221227	17:05:59	83e4656e-782a-4812-9220-41c1de7e2d13	POST	/users	undefined
20221227	17:07:41	76436722-0529-428c-a687-378d8d08e499	GET	/users	http://localhost:3000
20221227	17:08:20	fcc5b746-ed32-4da6-bac0-2e7c856906e7	POST	/users	undefined
20221227	17:08:26	fd4bb8cd-cf77-456f-a470-05748d4c8a0a	GET	/users	http://localhost:3000
20221227	17:09:08	6f09d4b7-ce98-44a9-9c36-fb3aa04ee5b9	GET	/notes	http://localhost:3000
20221227	17:10:24	c152ea6c-8fb6-4ada-8519-edf3c324e17f	POST	/notes	undefined
20221227	17:11:58	fb8dc6b4-598b-4d6f-87fc-b5c2ed1f384e	POST	/notes	undefined
20221227	17:17:10	61bbbaa3-e64b-4dbd-9cd5-33c55a697819	POST	/notes	undefined
20221227	17:17:40	f27f23ea-36ab-4687-a1b5-09167263368f	POST	/notes	undefined
20221227	17:18:16	c25ab381-b4da-4d2c-a698-2b4d178cedc7	POST	/users	undefined
20221227	17:18:23	7e49e46c-32ad-4838-96d9-bb70a6721a73	POST	/nou	undefined
20221227	17:18:34	855160ca-313a-409e-9cdd-5dbb99ffbb84	POST	/notes	undefined
20221227	17:18:53	d5aedaf3-6a4d-480f-830e-1b44468119a7	POST	/notes	undefined
20221227	17:19:07	b3fe869b-f754-4b0e-8bb0-af6f74c3550a	GET	/users	http://localhost:3000
20221227	17:19:10	747bcd37-d4d8-47af-861e-f56f863b0c8b	GET	/notes	http://localhost:3000
20221227	17:19:12	ca2cec51-a9a7-4d9d-b720-3fcb6b1789e6	GET	/notes	http://localhost:3000
20221227	17:33:51	e002314d-dc35-4449-aaa7-741db00329bf	POST	/notes	undefined
20221227	17:34:18	2d7f0882-1618-4d06-b6a8-4bb7032e4d15	POST	/notes	undefined
20221227	17:36:24	3617ce80-7ab7-4724-8774-0f5969cf9c96	POST	/notes	undefined
20221227	17:37:09	c929cf86-2327-40c3-87d3-35f1d7b1ebbf	GET	/users	http://localhost:3000
20221227	17:37:16	bc17e06a-68f8-4d97-95da-77f0dd0c7ff4	GET	/users	http://localhost:3000
20221227	17:37:19	5cccd811-9875-4866-82be-7f08499bfc4a	GET	/notes	http://localhost:3000
20221227	17:41:49	2c06ee9f-c072-45af-982c-a134bab8600b	GET	/	undefined
20221227	17:41:49	0c032593-3b6a-4be1-84eb-cb0119c847a2	GET	/css/style.css	undefined
20221227	17:41:55	a808505c-e1fc-4240-b7ba-aabe89b8bd07	GET	/users	http://localhost:3000
20221227	17:42:11	4a2054fa-24d9-4a78-a42c-0785c2352e57	GET	/users	http://localhost:3000
20221227	17:42:28	f5f5abee-fa95-4d7e-91bf-668c4a839d7c	GET	/notes	http://localhost:3000
20221227	17:42:39	3b3b4060-2727-408b-b540-8d0bf578079c	GET	/notes	http://localhost:3000
20221227	20:22:27	8cb08318-e9af-4f36-9cf5-b31a66bf3998	GET	/	undefined
20221227	20:22:27	b035d0a0-f28d-46a7-bd79-24ec6a7cba23	GET	/css/style.css	undefined
20221227	20:31:39	8aedcff4-84ab-4a63-a618-818dbb23bff4	GET	/	undefined
20221227	20:31:39	139a907f-ebca-45d9-99ff-1a2d31c2f7ba	GET	/css/style.css	undefined
20221227	20:31:39	41552e50-fdf9-444d-8de6-5423fc240474	GET	/	undefined
20221227	20:31:39	47dc18a6-3417-4e5f-89e6-83efd8135936	GET	/css/style.css	undefined
20221227	20:37:38	a76d6428-1c4e-43a2-989a-02540fadbc26	POST	/auth	undefined
20221227	20:38:53	f96e1768-f6d0-4202-9d70-e0123a091c2f	POST	/auth	undefined
20221227	20:40:24	e5595977-0fda-426f-b51f-0e7d6bc7f8a3	POST	/users	undefined
20221227	20:40:25	8003548c-a514-4d87-ba68-0d69c35f3429	POST	/users	undefined
20221227	20:40:27	ffbfe6c9-dc1c-4f6f-acdb-ff2903d5ae35	POST	/users	undefined
20221227	20:40:55	0d815127-0e4e-41fc-a18e-524076541afb	POST	/users	undefined
20221227	20:41:05	7fb62265-46d3-4933-8b89-8b93f232572d	POST	/user	undefined
20221227	20:41:13	138f58b7-0c11-4a23-9bc1-a05175fbac6c	POST	/users	undefined
20221227	20:42:13	e9486fcf-1b35-44b1-8551-acda5050c9be	POST	/auth/refresh	undefined
20221227	20:50:26	12f2e562-5510-4186-88a2-8fdc1afc14c1	GET	/	undefined
20221227	20:50:26	75467ac8-fecc-453d-8a58-d589f3342360	GET	/css/style.css	undefined
20221227	20:53:05	ac72d890-3925-4b15-b51e-f0baa4080b06	GET	/	undefined
20221227	20:53:05	43ac4442-8f81-4d7e-b5d4-3f4103836333	GET	/css/style.css	undefined
20221227	20:53:06	a5a03c41-c258-4e6c-ae2d-af0f9ad02040	GET	/	undefined
20221227	20:53:06	8045956f-db34-4e45-9b55-fade0743b6a4	GET	/css/style.css	undefined
20221227	20:53:07	94207faf-edc4-41c4-b3b2-7481c9a8dbbc	GET	/	undefined
20221227	20:53:07	aa775ae7-12e8-4761-99a3-701583c14a40	GET	/css/style.css	undefined
20221227	20:53:07	258e300c-622d-4b43-9840-4ae0ce77a8c0	GET	/	undefined
20221227	20:53:07	c70b1f77-23ec-4759-8f01-b81950a6020e	GET	/css/style.css	undefined
20221227	20:53:07	233a4226-c6f0-4564-a976-1aaacb703aa5	GET	/	undefined
20221227	20:53:07	9ffab22d-f6fd-4975-8c38-01fdfea83a83	GET	/css/style.css	undefined
20221227	20:53:32	0d9ffb67-41a3-4244-aa74-a6458f47ddd5	GET	/notes	http://localhost:3000
20221227	20:53:35	7d091bd0-6b00-42ee-b326-5df410b5b11e	GET	/users	http://localhost:3000
20221227	20:54:06	70716dee-7f08-43a7-85d8-2fc143e7f4a6	GET	/users	http://localhost:3000
20221227	20:54:07	2484876f-4130-4992-a229-10088a841adb	GET	/notes	http://localhost:3000
20221227	21:05:28	fa696c9f-9252-4095-a327-1a28d038063c	OPTIONS	/auth	http://localhost:3000
20221227	21:05:28	ad8ae7ab-a096-4d70-97b9-734470675e42	POST	/auth	http://localhost:3000
20221227	21:05:35	549c3855-c25c-421c-828a-ff283bed49fe	OPTIONS	/auth	http://localhost:3000
20221227	21:05:35	bf09aaa7-65fb-4315-b810-539ba716084e	POST	/auth	http://localhost:3000
20221227	21:05:41	fb7e6f49-2ecd-4c84-b2ca-b74113935d7e	OPTIONS	/auth	http://localhost:3000
20221227	21:05:41	c615b609-e4b5-4ef7-a6ee-b0a24f3f94c7	POST	/auth	http://localhost:3000
20221227	21:15:50	ccbd6f41-c375-40e8-949a-2809ffabb64e	GET	/	undefined
20221227	21:15:50	3b57a8d4-5a50-45aa-89a1-accfa868e44d	GET	/css/style.css	undefined
